<?xml version="1.0" encoding="UTF-8"?>
<testsuite name="DetectorTest" tests="1" skipped="0" failures="0" errors="0" timestamp="2022-06-22T16:35:51" hostname="ANNE-SENPAI" time="0.097">
  <properties/>
  <testcase name="detect()" classname="DetectorTest" time="0.097"/>
  <system-out><![CDATA[]]></system-out>
  <system-err><![CDATA[]]></system-err>
</testsuite>
